  ParticleSimulation.cpp
c:\users\russell\source\repos\particlesimulation\particlesimulation\Shader.h(93): warning C4101: 'infoLog': unreferenced local variable
c:\users\russell\source\repos\particlesimulation\particlesimulation\Shader.h(92): warning C4101: 'success': unreferenced local variable
c:\users\russell\source\repos\particlesimulation\particlesimulation\Shader.h(209): warning C4101: 'tessEval': unreferenced local variable
c:\users\russell\source\repos\particlesimulation\particlesimulation\Shader.h(211): warning C4101: 'infoLog': unreferenced local variable
c:\users\russell\source\repos\particlesimulation\particlesimulation\Shader.h(209): warning C4101: 'tessControl': unreferenced local variable
c:\users\russell\source\repos\particlesimulation\particlesimulation\Shader.h(210): warning C4101: 'success': unreferenced local variable
c:\users\russell\source\repos\particlesimulation\particlesimulation\camera.h(120): warning C4244: '+=': conversion from 'double' to 'float', possible loss of data
c:\users\russell\source\repos\particlesimulation\particlesimulation\camera.h(121): warning C4244: '+=': conversion from 'double' to 'float', possible loss of data
c:\users\russell\source\repos\particlesimulation\particlesimulation\camera.h(148): warning C4305: '-=': truncation from 'double' to 'float'
ParticleSimulation.cpp(71): warning C4244: '=': conversion from 'int' to 'float', possible loss of data
ParticleSimulation.cpp(220): warning C4244: '=': conversion from 'int' to 'float', possible loss of data
ParticleSimulation.cpp(485): warning C4244: '=': conversion from 'double' to 'int', possible loss of data
ParticleSimulation.cpp(486): warning C4244: '=': conversion from 'double' to 'int', possible loss of data
ParticleSimulation.cpp(490): warning C4244: 'initializing': conversion from 'double' to 'float', possible loss of data
ParticleSimulation.cpp(491): warning C4244: 'initializing': conversion from 'double' to 'float', possible loss of data
ParticleSimulation.cpp(493): warning C4244: '=': conversion from 'double' to 'int', possible loss of data
ParticleSimulation.cpp(494): warning C4244: '=': conversion from 'double' to 'int', possible loss of data
ParticleSimulation.cpp(496): warning C4244: 'argument': conversion from 'double' to 'float', possible loss of data
  Generating code
  17 of 284 functions ( 6.0%) were compiled, the rest were copied from previous compilation.
    0 functions were new in current compilation
    16 functions had inline decision re-evaluated but remain unchanged
  Finished generating code
  ParticleSimulation.vcxproj -> C:\Users\Russell\source\repos\ParticleSimulation\x64\Release\ParticleSimulation.exe
