  stdafx.cpp
  Glad.c
  ParticleSimulation.cpp
f:\lectures\github\n body sim\src\particlesimulation\shader.h(93): warning C4101: 'infoLog': unreferenced local variable
f:\lectures\github\n body sim\src\particlesimulation\shader.h(92): warning C4101: 'success': unreferenced local variable
f:\lectures\github\n body sim\src\particlesimulation\shader.h(209): warning C4101: 'tessEval': unreferenced local variable
f:\lectures\github\n body sim\src\particlesimulation\shader.h(211): warning C4101: 'infoLog': unreferenced local variable
f:\lectures\github\n body sim\src\particlesimulation\shader.h(209): warning C4101: 'tessControl': unreferenced local variable
f:\lectures\github\n body sim\src\particlesimulation\shader.h(210): warning C4101: 'success': unreferenced local variable
f:\lectures\github\n body sim\src\particlesimulation\camera.h(120): warning C4244: '+=': conversion from 'double' to 'float', possible loss of data
f:\lectures\github\n body sim\src\particlesimulation\camera.h(121): warning C4244: '+=': conversion from 'double' to 'float', possible loss of data
f:\lectures\github\n body sim\src\particlesimulation\camera.h(148): warning C4305: '-=': truncation from 'double' to 'float'
f:\lectures\github\n body sim\src\particlesimulation\particlesimulation.cpp(72): warning C4244: '=': conversion from 'int' to 'float', possible loss of data
f:\lectures\github\n body sim\src\particlesimulation\particlesimulation.cpp(225): warning C4244: '=': conversion from 'int' to 'float', possible loss of data
f:\lectures\github\n body sim\src\particlesimulation\particlesimulation.cpp(226): warning C4244: '=': conversion from 'int' to 'float', possible loss of data
f:\lectures\github\n body sim\src\particlesimulation\particlesimulation.cpp(227): warning C4244: '=': conversion from 'int' to 'float', possible loss of data
f:\lectures\github\n body sim\src\particlesimulation\particlesimulation.cpp(233): warning C4244: '=': conversion from 'int' to 'float', possible loss of data
f:\lectures\github\n body sim\src\particlesimulation\particlesimulation.cpp(234): warning C4244: '=': conversion from 'int' to 'float', possible loss of data
f:\lectures\github\n body sim\src\particlesimulation\particlesimulation.cpp(235): warning C4244: '=': conversion from 'int' to 'float', possible loss of data
f:\lectures\github\n body sim\src\particlesimulation\particlesimulation.cpp(545): warning C4244: '=': conversion from 'double' to 'int', possible loss of data
f:\lectures\github\n body sim\src\particlesimulation\particlesimulation.cpp(546): warning C4244: '=': conversion from 'double' to 'int', possible loss of data
f:\lectures\github\n body sim\src\particlesimulation\particlesimulation.cpp(550): warning C4244: 'initializing': conversion from 'double' to 'float', possible loss of data
f:\lectures\github\n body sim\src\particlesimulation\particlesimulation.cpp(551): warning C4244: 'initializing': conversion from 'double' to 'float', possible loss of data
f:\lectures\github\n body sim\src\particlesimulation\particlesimulation.cpp(553): warning C4244: '=': conversion from 'double' to 'int', possible loss of data
f:\lectures\github\n body sim\src\particlesimulation\particlesimulation.cpp(554): warning C4244: '=': conversion from 'double' to 'int', possible loss of data
f:\lectures\github\n body sim\src\particlesimulation\particlesimulation.cpp(556): warning C4244: 'argument': conversion from 'double' to 'float', possible loss of data
LINK : warning LNK4098: defaultlib 'MSVCRT' conflicts with use of other libs; use /NODEFAULTLIB:library
  ParticleSimulation.vcxproj -> F:\lectures\github\n body sim\src\x64\Debug\ParticleSimulation.exe
